# JRE version: OpenJDK Runtime Environment (Zulu 8.52.0.23-CA-win64) (8.0_282-b08) (build 1.8.0_282-b08)
# Java VM: OpenJDK 64-Bit Server VM (25.282-b08 mixed mode windows-amd64 compressed oops)
Heap:
 PSYoungGen      total 70656K, used 29796K [0x00000000d5580000, 0x00000000db980000, 0x0000000100000000)
  eden space 60928K, 39% used [0x00000000d5580000,0x00000000d6d22e58,0x00000000d9100000)
  from space 9728K, 57% used [0x00000000d9100000,0x00000000d9676468,0x00000000d9a80000)
  to   space 9216K, 0% used [0x00000000db080000,0x00000000db080000,0x00000000db980000)
 ParOldGen       total 60928K, used 10854K [0x0000000080000000, 0x0000000083b80000, 0x00000000d5580000)
  object space 60928K, 17% used [0x0000000080000000,0x0000000080a99820,0x0000000083b80000)
 Metaspace       used 26458K, capacity 26870K, committed 27264K, reserved 1073152K
  class space    used 3166K, capacity 3333K, committed 3456K, reserved 1048576K
GC Heap History (10 events):
Event: 2.396 GC heap before
{Heap before GC invocations=6 (full 0):
 PSYoungGen      total 70656K, used 70624K [0x00000000d5580000, 0x00000000d9f80000, 0x0000000100000000)
  eden space 65536K, 100% used [0x00000000d5580000,0x00000000d9580000,0x00000000d9580000)
  from space 5120K, 99% used [0x00000000d9580000,0x00000000d9a780c8,0x00000000d9a80000)
  to   space 5120K, 0% used [0x00000000d9a80000,0x00000000d9a80000,0x00000000d9f80000)
 ParOldGen       total 86016K, used 4016K [0x0000000080000000, 0x0000000085400000, 0x00000000d5580000)
  object space 86016K, 4% used [0x0000000080000000,0x00000000803ec208,0x0000000085400000)
 Metaspace       used 20690K, capacity 20976K, committed 21296K, reserved 1069056K
  class space    used 2290K, capacity 2392K, committed 2432K, reserved 1048576K
Event: 2.401 GC heap after
Heap after GC invocations=6 (full 0):
 PSYoungGen      total 70656K, used 5112K [0x00000000d5580000, 0x00000000d9f80000, 0x0000000100000000)
  eden space 65536K, 0% used [0x00000000d5580000,0x00000000d5580000,0x00000000d9580000)
  from space 5120K, 99% used [0x00000000d9a80000,0x00000000d9f7e100,0x00000000d9f80000)
  to   space 5120K, 0% used [0x00000000d9580000,0x00000000d9580000,0x00000000d9a80000)
 ParOldGen       total 86016K, used 7720K [0x0000000080000000, 0x0000000085400000, 0x00000000d5580000)
  object space 86016K, 8% used [0x0000000080000000,0x000000008078a0a8,0x0000000085400000)
 Metaspace       used 20690K, capacity 20976K, committed 21296K, reserved 1069056K
  class space    used 2290K, capacity 2392K, committed 2432K, reserved 1048576K
}
Event: 2.457 GC heap before
{Heap before GC invocations=7 (full 0):
 PSYoungGen      total 70656K, used 19468K [0x00000000d5580000, 0x00000000d9f80000, 0x0000000100000000)
  eden space 65536K, 21% used [0x00000000d5580000,0x00000000d63852e0,0x00000000d9580000)
  from space 5120K, 99% used [0x00000000d9a80000,0x00000000d9f7e100,0x00000000d9f80000)
  to   space 5120K, 0% used [0x00000000d9580000,0x00000000d9580000,0x00000000d9a80000)
 ParOldGen       total 86016K, used 7720K [0x0000000080000000, 0x0000000085400000, 0x00000000d5580000)
  object space 86016K, 8% used [0x0000000080000000,0x000000008078a0a8,0x0000000085400000)
 Metaspace       used 20823K, capacity 21094K, committed 21296K, reserved 1069056K
  class space    used 2303K, capacity 2430K, committed 2432K, reserved 1048576K
Event: 2.462 GC heap after
Heap after GC invocations=7 (full 0):
 PSYoungGen      total 70656K, used 4672K [0x00000000d5580000, 0x00000000d9f80000, 0x0000000100000000)
  eden space 65536K, 0% used [0x00000000d5580000,0x00000000d5580000,0x00000000d9580000)
  from space 5120K, 91% used [0x00000000d9580000,0x00000000d9a10000,0x00000000d9a80000)
  to   space 5120K, 0% used [0x00000000d9a80000,0x00000000d9a80000,0x00000000d9f80000)
 ParOldGen       total 86016K, used 10311K [0x0000000080000000, 0x0000000085400000, 0x00000000d5580000)
  object space 86016K, 11% used [0x0000000080000000,0x0000000080a11c00,0x0000000085400000)
 Metaspace       used 20823K, capacity 21094K, committed 21296K, reserved 1069056K
  class space    used 2303K, capacity 2430K, committed 2432K, reserved 1048576K
}
Event: 2.462 GC heap before
{Heap before GC invocations=8 (full 1):
 PSYoungGen      total 70656K, used 4672K [0x00000000d5580000, 0x00000000d9f80000, 0x0000000100000000)
  eden space 65536K, 0% used [0x00000000d5580000,0x00000000d5580000,0x00000000d9580000)
  from space 5120K, 91% used [0x00000000d9580000,0x00000000d9a10000,0x00000000d9a80000)
  to   space 5120K, 0% used [0x00000000d9a80000,0x00000000d9a80000,0x00000000d9f80000)
 ParOldGen       total 86016K, used 10311K [0x0000000080000000, 0x0000000085400000, 0x00000000d5580000)
  object space 86016K, 11% used [0x0000000080000000,0x0000000080a11c00,0x0000000085400000)
 Metaspace       used 20823K, capacity 21094K, committed 21296K, reserved 1069056K
  class space    used 2303K, capacity 2430K, committed 2432K, reserved 1048576K
Event: 2.510 GC heap after
Heap after GC invocations=8 (full 1):
 PSYoungGen      total 70656K, used 0K [0x00000000d5580000, 0x00000000d9f80000, 0x0000000100000000)
  eden space 65536K, 0% used [0x00000000d5580000,0x00000000d5580000,0x00000000d9580000)
  from space 5120K, 0% used [0x00000000d9580000,0x00000000d9580000,0x00000000d9a80000)
  to   space 5120K, 0% used [0x00000000d9a80000,0x00000000d9a80000,0x00000000d9f80000)
 ParOldGen       total 60928K, used 10838K [0x0000000080000000, 0x0000000083b80000, 0x00000000d5580000)
  object space 60928K, 17% used [0x0000000080000000,0x0000000080a95820,0x0000000083b80000)
 Metaspace       used 20823K, capacity 21094K, committed 21296K, reserved 1069056K
  class space    used 2303K, capacity 2430K, committed 2432K, reserved 1048576K
}
Event: 2.878 GC heap before
{Heap before GC invocations=9 (full 1):
 PSYoungGen      total 70656K, used 65536K [0x00000000d5580000, 0x00000000d9f80000, 0x0000000100000000)
  eden space 65536K, 100% used [0x00000000d5580000,0x00000000d9580000,0x00000000d9580000)
  from space 5120K, 0% used [0x00000000d9580000,0x00000000d9580000,0x00000000d9a80000)
  to   space 5120K, 0% used [0x00000000d9a80000,0x00000000d9a80000,0x00000000d9f80000)
 ParOldGen       total 60928K, used 10838K [0x0000000080000000, 0x0000000083b80000, 0x00000000d5580000)
  object space 60928K, 17% used [0x0000000080000000,0x0000000080a95820,0x0000000083b80000)
 Metaspace       used 22515K, capacity 22938K, committed 23216K, reserved 1069056K
  class space    used 2592K, capacity 2749K, committed 2816K, reserved 1048576K
Event: 2.881 GC heap after
Heap after GC invocations=9 (full 1):
 PSYoungGen      total 66048K, used 3282K [0x00000000d5580000, 0x00000000dcc80000, 0x0000000100000000)
  eden space 60928K, 0% used [0x00000000d5580000,0x00000000d5580000,0x00000000d9100000)
  from space 5120K, 64% used [0x00000000d9a80000,0x00000000d9db4b68,0x00000000d9f80000)
  to   space 9728K, 0% used [0x00000000d9100000,0x00000000d9100000,0x00000000d9a80000)
 ParOldGen       total 60928K, used 10846K [0x0000000080000000, 0x0000000083b80000, 0x00000000d5580000)
  object space 60928K, 17% used [0x0000000080000000,0x0000000080a97820,0x0000000083b80000)
 Metaspace       used 22515K, capacity 22938K, committed 23216K, reserved 1069056K
  class space    used 2592K, capacity 2749K, committed 2816K, reserved 1048576K
}
Event: 3.477 GC heap before
{Heap before GC invocations=10 (full 1):
 PSYoungGen      total 66048K, used 64210K [0x00000000d5580000, 0x00000000dcc80000, 0x0000000100000000)
  eden space 60928K, 100% used [0x00000000d5580000,0x00000000d9100000,0x00000000d9100000)
  from space 5120K, 64% used [0x00000000d9a80000,0x00000000d9db4b68,0x00000000d9f80000)
  to   space 9728K, 0% used [0x00000000d9100000,0x00000000d9100000,0x00000000d9a80000)
 ParOldGen       total 60928K, used 10846K [0x0000000080000000, 0x0000000083b80000, 0x00000000d5580000)
  object space 60928K, 17% used [0x0000000080000000,0x0000000080a97820,0x0000000083b80000)
 Metaspace       used 25292K, capacity 25632K, committed 25984K, reserved 1073152K
  class space    used 3000K, capacity 3135K, committed 3200K, reserved 1048576K
Event: 3.512 GC heap after
Heap after GC invocations=10 (full 1):
 PSYoungGen      total 70656K, used 5593K [0x00000000d5580000, 0x00000000db980000, 0x0000000100000000)
  eden space 60928K, 0% used [0x00000000d5580000,0x00000000d5580000,0x00000000d9100000)
  from space 9728K, 57% used [0x00000000d9100000,0x00000000d9676468,0x00000000d9a80000)
  to   space 9216K, 0% used [0x00000000db080000,0x00000000db080000,0x00000000db980000)
 ParOldGen       total 60928K, used 10854K [0x0000000080000000, 0x0000000083b80000, 0x00000000d5580000)
  object space 60928K, 17% used [0x0000000080000000,0x0000000080a99820,0x0000000083b80000)
 Metaspace       used 25292K, capacity 25632K, committed 25984K, reserved 1073152K
  class space    used 3000K, capacity 3135K, committed 3200K, reserved 1048576K
}

