# JRE version: OpenJDK Runtime Environment (Zulu 8.52.0.23-CA-win64) (8.0_282-b08) (build 1.8.0_282-b08)
# Java VM: OpenJDK 64-Bit Server VM (25.282-b08 mixed mode windows-amd64 compressed oops)
Heap:
 PSYoungGen      total 201216K, used 105681K [0x00000000d5580000, 0x00000000e6380000, 0x0000000100000000)
  eden space 194048K, 50% used [0x00000000d5580000,0x00000000db5f1c30,0x00000000e1300000)
  from space 7168K, 96% used [0x00000000e5c80000,0x00000000e6342ae0,0x00000000e6380000)
  to   space 10240K, 0% used [0x00000000e4f80000,0x00000000e4f80000,0x00000000e5980000)
 ParOldGen       total 62976K, used 11838K [0x0000000080000000, 0x0000000083d80000, 0x00000000d5580000)
  object space 62976K, 18% used [0x0000000080000000,0x0000000080b8f990,0x0000000083d80000)
 Metaspace       used 32122K, capacity 33105K, committed 33280K, reserved 1079296K
  class space    used 3950K, capacity 4240K, committed 4352K, reserved 1048576K
GC Heap History (10 events):
Event: 1.732 GC heap before
{Heap before GC invocations=5 (full 0):
 PSYoungGen      total 70656K, used 70652K [0x00000000d5580000, 0x00000000d9f80000, 0x0000000100000000)
  eden space 65536K, 100% used [0x00000000d5580000,0x00000000d9580000,0x00000000d9580000)
  from space 5120K, 99% used [0x00000000d9a80000,0x00000000d9f7f060,0x00000000d9f80000)
  to   space 5120K, 0% used [0x00000000d9580000,0x00000000d9580000,0x00000000d9a80000)
 ParOldGen       total 86016K, used 329K [0x0000000080000000, 0x0000000085400000, 0x00000000d5580000)
  object space 86016K, 0% used [0x0000000080000000,0x0000000080052528,0x0000000085400000)
 Metaspace       used 17611K, capacity 17884K, committed 18176K, reserved 1064960K
  class space    used 1912K, capacity 2004K, committed 2048K, reserved 1048576K
Event: 1.739 GC heap after
Heap after GC invocations=5 (full 0):
 PSYoungGen      total 70656K, used 5088K [0x00000000d5580000, 0x00000000de580000, 0x0000000100000000)
  eden space 65536K, 0% used [0x00000000d5580000,0x00000000d5580000,0x00000000d9580000)
  from space 5120K, 99% used [0x00000000d9580000,0x00000000d9a780a8,0x00000000d9a80000)
  to   space 8192K, 0% used [0x00000000ddd80000,0x00000000ddd80000,0x00000000de580000)
 ParOldGen       total 86016K, used 3992K [0x0000000080000000, 0x0000000085400000, 0x00000000d5580000)
  object space 86016K, 4% used [0x0000000080000000,0x00000000803e6040,0x0000000085400000)
 Metaspace       used 17611K, capacity 17884K, committed 18176K, reserved 1064960K
  class space    used 1912K, capacity 2004K, committed 2048K, reserved 1048576K
}
Event: 2.197 GC heap before
{Heap before GC invocations=6 (full 0):
 PSYoungGen      total 70656K, used 70624K [0x00000000d5580000, 0x00000000de580000, 0x0000000100000000)
  eden space 65536K, 100% used [0x00000000d5580000,0x00000000d9580000,0x00000000d9580000)
  from space 5120K, 99% used [0x00000000d9580000,0x00000000d9a780a8,0x00000000d9a80000)
  to   space 8192K, 0% used [0x00000000ddd80000,0x00000000ddd80000,0x00000000de580000)
 ParOldGen       total 86016K, used 3992K [0x0000000080000000, 0x0000000085400000, 0x00000000d5580000)
  object space 86016K, 4% used [0x0000000080000000,0x00000000803e6040,0x0000000085400000)
 Metaspace       used 20668K, capacity 20908K, committed 21120K, reserved 1069056K
  class space    used 2291K, capacity 2392K, committed 2432K, reserved 1048576K
Event: 2.203 GC heap after
Heap after GC invocations=6 (full 0):
 PSYoungGen      total 137728K, used 8189K [0x00000000d5580000, 0x00000000de880000, 0x0000000100000000)
  eden space 129536K, 0% used [0x00000000d5580000,0x00000000d5580000,0x00000000dd400000)
  from space 8192K, 99% used [0x00000000ddd80000,0x00000000de57f440,0x00000000de580000)
  to   space 9728K, 0% used [0x00000000dd400000,0x00000000dd400000,0x00000000ddd80000)
 ParOldGen       total 86016K, used 4655K [0x0000000080000000, 0x0000000085400000, 0x00000000d5580000)
  object space 86016K, 5% used [0x0000000080000000,0x000000008048be90,0x0000000085400000)
 Metaspace       used 20668K, capacity 20908K, committed 21120K, reserved 1069056K
  class space    used 2291K, capacity 2392K, committed 2432K, reserved 1048576K
}
Event: 2.298 GC heap before
{Heap before GC invocations=7 (full 0):
 PSYoungGen      total 137728K, used 28893K [0x00000000d5580000, 0x00000000de880000, 0x0000000100000000)
  eden space 129536K, 15% used [0x00000000d5580000,0x00000000d69b83a8,0x00000000dd400000)
  from space 8192K, 99% used [0x00000000ddd80000,0x00000000de57f440,0x00000000de580000)
  to   space 9728K, 0% used [0x00000000dd400000,0x00000000dd400000,0x00000000ddd80000)
 ParOldGen       total 86016K, used 4655K [0x0000000080000000, 0x0000000085400000, 0x00000000d5580000)
  object space 86016K, 5% used [0x0000000080000000,0x000000008048be90,0x0000000085400000)
 Metaspace       used 20871K, capacity 21165K, committed 21296K, reserved 1069056K
  class space    used 2311K, capacity 2432K, committed 2432K, reserved 1048576K
Event: 2.307 GC heap after
Heap after GC invocations=7 (full 0):
 PSYoungGen      total 139264K, used 7691K [0x00000000d5580000, 0x00000000e6680000, 0x0000000100000000)
  eden space 129536K, 0% used [0x00000000d5580000,0x00000000d5580000,0x00000000dd400000)
  from space 9728K, 79% used [0x00000000dd400000,0x00000000ddb82c88,0x00000000ddd80000)
  to   space 10240K, 0% used [0x00000000e5c80000,0x00000000e5c80000,0x00000000e6680000)
 ParOldGen       total 86016K, used 7685K [0x0000000080000000, 0x0000000085400000, 0x00000000d5580000)
  object space 86016K, 8% used [0x0000000080000000,0x0000000080781440,0x0000000085400000)
 Metaspace       used 20871K, capacity 21165K, committed 21296K, reserved 1069056K
  class space    used 2311K, capacity 2432K, committed 2432K, reserved 1048576K
}
Event: 2.307 GC heap before
{Heap before GC invocations=8 (full 1):
 PSYoungGen      total 139264K, used 7691K [0x00000000d5580000, 0x00000000e6680000, 0x0000000100000000)
  eden space 129536K, 0% used [0x00000000d5580000,0x00000000d5580000,0x00000000dd400000)
  from space 9728K, 79% used [0x00000000dd400000,0x00000000ddb82c88,0x00000000ddd80000)
  to   space 10240K, 0% used [0x00000000e5c80000,0x00000000e5c80000,0x00000000e6680000)
 ParOldGen       total 86016K, used 7685K [0x0000000080000000, 0x0000000085400000, 0x00000000d5580000)
  object space 86016K, 8% used [0x0000000080000000,0x0000000080781440,0x0000000085400000)
 Metaspace       used 20871K, capacity 21165K, committed 21296K, reserved 1069056K
  class space    used 2311K, capacity 2432K, committed 2432K, reserved 1048576K
Event: 2.367 GC heap after
Heap after GC invocations=8 (full 1):
 PSYoungGen      total 139264K, used 0K [0x00000000d5580000, 0x00000000e6680000, 0x0000000100000000)
  eden space 129536K, 0% used [0x00000000d5580000,0x00000000d5580000,0x00000000dd400000)
  from space 9728K, 0% used [0x00000000dd400000,0x00000000dd400000,0x00000000ddd80000)
  to   space 10240K, 0% used [0x00000000e5c80000,0x00000000e5c80000,0x00000000e6680000)
 ParOldGen       total 62976K, used 11830K [0x0000000080000000, 0x0000000083d80000, 0x00000000d5580000)
  object space 62976K, 18% used [0x0000000080000000,0x0000000080b8d990,0x0000000083d80000)
 Metaspace       used 20871K, capacity 21165K, committed 21296K, reserved 1069056K
  class space    used 2311K, capacity 2432K, committed 2432K, reserved 1048576K
}
Event: 3.461 GC heap before
{Heap before GC invocations=9 (full 1):
 PSYoungGen      total 139264K, used 129536K [0x00000000d5580000, 0x00000000e6680000, 0x0000000100000000)
  eden space 129536K, 100% used [0x00000000d5580000,0x00000000dd400000,0x00000000dd400000)
  from space 9728K, 0% used [0x00000000dd400000,0x00000000dd400000,0x00000000ddd80000)
  to   space 10240K, 0% used [0x00000000e5c80000,0x00000000e5c80000,0x00000000e6680000)
 ParOldGen       total 62976K, used 11830K [0x0000000080000000, 0x0000000083d80000, 0x00000000d5580000)
  object space 62976K, 18% used [0x0000000080000000,0x0000000080b8d990,0x0000000083d80000)
 Metaspace       used 25425K, capacity 25801K, committed 25984K, reserved 1073152K
  class space    used 3026K, capacity 3170K, committed 3200K, reserved 1048576K
Event: 3.467 GC heap after
Heap after GC invocations=9 (full 1):
 PSYoungGen      total 201216K, used 6922K [0x00000000d5580000, 0x00000000e6380000, 0x0000000100000000)
  eden space 194048K, 0% used [0x00000000d5580000,0x00000000d5580000,0x00000000e1300000)
  from space 7168K, 96% used [0x00000000e5c80000,0x00000000e6342ae0,0x00000000e6380000)
  to   space 10240K, 0% used [0x00000000e4f80000,0x00000000e4f80000,0x00000000e5980000)
 ParOldGen       total 62976K, used 11838K [0x0000000080000000, 0x0000000083d80000, 0x00000000d5580000)
  object space 62976K, 18% used [0x0000000080000000,0x0000000080b8f990,0x0000000083d80000)
 Metaspace       used 25425K, capacity 25801K, committed 25984K, reserved 1073152K
  class space    used 3026K, capacity 3170K, committed 3200K, reserved 1048576K
}

