# JRE version: OpenJDK Runtime Environment (Zulu 8.52.0.23-CA-win64) (8.0_282-b08) (build 1.8.0_282-b08)
# Java VM: OpenJDK 64-Bit Server VM (25.282-b08 mixed mode windows-amd64 compressed oops)
Heap:
 PSYoungGen      total 72704K, used 36049K [0x00000000d5580000, 0x00000000db900000, 0x0000000100000000)
  eden space 65024K, 50% used [0x00000000d5580000,0x00000000d75ca818,0x00000000d9500000)
  from space 7680K, 38% used [0x00000000d9500000,0x00000000d97e9d50,0x00000000d9c80000)
  to   space 9216K, 0% used [0x00000000db000000,0x00000000db000000,0x00000000db900000)
 ParOldGen       total 63488K, used 11827K [0x0000000080000000, 0x0000000083e00000, 0x00000000d5580000)
  object space 63488K, 18% used [0x0000000080000000,0x0000000080b8ce48,0x0000000083e00000)
 Metaspace       used 24344K, capacity 24705K, committed 25088K, reserved 1071104K
  class space    used 2840K, capacity 2976K, committed 3072K, reserved 1048576K
GC Heap History (10 events):
Event: 1.972 GC heap before
{Heap before GC invocations=6 (full 0):
 PSYoungGen      total 37888K, used 37880K [0x00000000d5580000, 0x00000000da380000, 0x0000000100000000)
  eden space 32768K, 100% used [0x00000000d5580000,0x00000000d7580000,0x00000000d7580000)
  from space 5120K, 99% used [0x00000000d7580000,0x00000000d7a7e0e0,0x00000000d7a80000)
  to   space 7168K, 0% used [0x00000000d9c80000,0x00000000d9c80000,0x00000000da380000)
 ParOldGen       total 86016K, used 2070K [0x0000000080000000, 0x0000000085400000, 0x00000000d5580000)
  object space 86016K, 2% used [0x0000000080000000,0x00000000802059c8,0x0000000085400000)
 Metaspace       used 17619K, capacity 17824K, committed 18176K, reserved 1064960K
  class space    used 1917K, capacity 2004K, committed 2048K, reserved 1048576K
Event: 1.976 GC heap after
Heap after GC invocations=6 (full 0):
 PSYoungGen      total 72192K, used 7136K [0x00000000d5580000, 0x00000000da480000, 0x0000000100000000)
  eden space 65024K, 0% used [0x00000000d5580000,0x00000000d5580000,0x00000000d9500000)
  from space 7168K, 99% used [0x00000000d9c80000,0x00000000da378308,0x00000000da380000)
  to   space 7680K, 0% used [0x00000000d9500000,0x00000000d9500000,0x00000000d9c80000)
 ParOldGen       total 86016K, used 2142K [0x0000000080000000, 0x0000000085400000, 0x00000000d5580000)
  object space 86016K, 2% used [0x0000000080000000,0x00000000802179d8,0x0000000085400000)
 Metaspace       used 17619K, capacity 17824K, committed 18176K, reserved 1064960K
  class space    used 1917K, capacity 2004K, committed 2048K, reserved 1048576K
}
Event: 2.422 GC heap before
{Heap before GC invocations=7 (full 0):
 PSYoungGen      total 72192K, used 72160K [0x00000000d5580000, 0x00000000da480000, 0x0000000100000000)
  eden space 65024K, 100% used [0x00000000d5580000,0x00000000d9500000,0x00000000d9500000)
  from space 7168K, 99% used [0x00000000d9c80000,0x00000000da378308,0x00000000da380000)
  to   space 7680K, 0% used [0x00000000d9500000,0x00000000d9500000,0x00000000d9c80000)
 ParOldGen       total 86016K, used 2142K [0x0000000080000000, 0x0000000085400000, 0x00000000d5580000)
  object space 86016K, 2% used [0x0000000080000000,0x00000000802179d8,0x0000000085400000)
 Metaspace       used 20698K, capacity 20976K, committed 21120K, reserved 1069056K
  class space    used 2295K, capacity 2392K, committed 2432K, reserved 1048576K
Event: 2.429 GC heap after
Heap after GC invocations=7 (full 0):
 PSYoungGen      total 72704K, used 6207K [0x00000000d5580000, 0x00000000da480000, 0x0000000100000000)
  eden space 65024K, 0% used [0x00000000d5580000,0x00000000d5580000,0x00000000d9500000)
  from space 7680K, 80% used [0x00000000d9500000,0x00000000d9b0ffc0,0x00000000d9c80000)
  to   space 7168K, 0% used [0x00000000d9c80000,0x00000000d9c80000,0x00000000da380000)
 ParOldGen       total 86016K, used 5271K [0x0000000080000000, 0x0000000085400000, 0x00000000d5580000)
  object space 86016K, 6% used [0x0000000080000000,0x0000000080525df0,0x0000000085400000)
 Metaspace       used 20698K, capacity 20976K, committed 21120K, reserved 1069056K
  class space    used 2295K, capacity 2392K, committed 2432K, reserved 1048576K
}
Event: 2.509 GC heap before
{Heap before GC invocations=8 (full 0):
 PSYoungGen      total 72704K, used 28243K [0x00000000d5580000, 0x00000000da480000, 0x0000000100000000)
  eden space 65024K, 33% used [0x00000000d5580000,0x00000000d6b05038,0x00000000d9500000)
  from space 7680K, 80% used [0x00000000d9500000,0x00000000d9b0ffc0,0x00000000d9c80000)
  to   space 7168K, 0% used [0x00000000d9c80000,0x00000000d9c80000,0x00000000da380000)
 ParOldGen       total 86016K, used 5271K [0x0000000080000000, 0x0000000085400000, 0x00000000d5580000)
  object space 86016K, 6% used [0x0000000080000000,0x0000000080525df0,0x0000000085400000)
 Metaspace       used 20901K, capacity 21169K, committed 21296K, reserved 1069056K
  class space    used 2315K, capacity 2432K, committed 2432K, reserved 1048576K
Event: 2.514 GC heap after
Heap after GC invocations=8 (full 0):
 PSYoungGen      total 72192K, used 7155K [0x00000000d5580000, 0x00000000da480000, 0x0000000100000000)
  eden space 65024K, 0% used [0x00000000d5580000,0x00000000d5580000,0x00000000d9500000)
  from space 7168K, 99% used [0x00000000d9c80000,0x00000000da37cc18,0x00000000da380000)
  to   space 7680K, 0% used [0x00000000d9500000,0x00000000d9500000,0x00000000d9c80000)
 ParOldGen       total 86016K, used 6166K [0x0000000080000000, 0x0000000085400000, 0x00000000d5580000)
  object space 86016K, 7% used [0x0000000080000000,0x0000000080605a68,0x0000000085400000)
 Metaspace       used 20901K, capacity 21169K, committed 21296K, reserved 1069056K
  class space    used 2315K, capacity 2432K, committed 2432K, reserved 1048576K
}
Event: 2.514 GC heap before
{Heap before GC invocations=9 (full 1):
 PSYoungGen      total 72192K, used 7155K [0x00000000d5580000, 0x00000000da480000, 0x0000000100000000)
  eden space 65024K, 0% used [0x00000000d5580000,0x00000000d5580000,0x00000000d9500000)
  from space 7168K, 99% used [0x00000000d9c80000,0x00000000da37cc18,0x00000000da380000)
  to   space 7680K, 0% used [0x00000000d9500000,0x00000000d9500000,0x00000000d9c80000)
 ParOldGen       total 86016K, used 6166K [0x0000000080000000, 0x0000000085400000, 0x00000000d5580000)
  object space 86016K, 7% used [0x0000000080000000,0x0000000080605a68,0x0000000085400000)
 Metaspace       used 20901K, capacity 21169K, committed 21296K, reserved 1069056K
  class space    used 2315K, capacity 2432K, committed 2432K, reserved 1048576K
Event: 2.574 GC heap after
Heap after GC invocations=9 (full 1):
 PSYoungGen      total 72192K, used 0K [0x00000000d5580000, 0x00000000da480000, 0x0000000100000000)
  eden space 65024K, 0% used [0x00000000d5580000,0x00000000d5580000,0x00000000d9500000)
  from space 7168K, 0% used [0x00000000d9c80000,0x00000000d9c80000,0x00000000da380000)
  to   space 7680K, 0% used [0x00000000d9500000,0x00000000d9500000,0x00000000d9c80000)
 ParOldGen       total 63488K, used 11827K [0x0000000080000000, 0x0000000083e00000, 0x00000000d5580000)
  object space 63488K, 18% used [0x0000000080000000,0x0000000080b8ce48,0x0000000083e00000)
 Metaspace       used 20901K, capacity 21169K, committed 21296K, reserved 1069056K
  class space    used 2315K, capacity 2432K, committed 2432K, reserved 1048576K
}
Event: 2.960 GC heap before
{Heap before GC invocations=10 (full 1):
 PSYoungGen      total 72192K, used 65024K [0x00000000d5580000, 0x00000000da480000, 0x0000000100000000)
  eden space 65024K, 100% used [0x00000000d5580000,0x00000000d9500000,0x00000000d9500000)
  from space 7168K, 0% used [0x00000000d9c80000,0x00000000d9c80000,0x00000000da380000)
  to   space 7680K, 0% used [0x00000000d9500000,0x00000000d9500000,0x00000000d9c80000)
 ParOldGen       total 63488K, used 11827K [0x0000000080000000, 0x0000000083e00000, 0x00000000d5580000)
  object space 63488K, 18% used [0x0000000080000000,0x0000000080b8ce48,0x0000000083e00000)
 Metaspace       used 22808K, capacity 23163K, committed 23296K, reserved 1069056K
  class space    used 2640K, capacity 2782K, committed 2816K, reserved 1048576K
Event: 2.962 GC heap after
Heap after GC invocations=10 (full 1):
 PSYoungGen      total 72704K, used 2983K [0x00000000d5580000, 0x00000000db900000, 0x0000000100000000)
  eden space 65024K, 0% used [0x00000000d5580000,0x00000000d5580000,0x00000000d9500000)
  from space 7680K, 38% used [0x00000000d9500000,0x00000000d97e9d50,0x00000000d9c80000)
  to   space 9216K, 0% used [0x00000000db000000,0x00000000db000000,0x00000000db900000)
 ParOldGen       total 63488K, used 11827K [0x0000000080000000, 0x0000000083e00000, 0x00000000d5580000)
  object space 63488K, 18% used [0x0000000080000000,0x0000000080b8ce48,0x0000000083e00000)
 Metaspace       used 22808K, capacity 23163K, committed 23296K, reserved 1069056K
  class space    used 2640K, capacity 2782K, committed 2816K, reserved 1048576K
}

