# JRE version: OpenJDK Runtime Environment (Zulu 8.52.0.23-CA-win64) (8.0_282-b08) (build 1.8.0_282-b08)
# Java VM: OpenJDK 64-Bit Server VM (25.282-b08 mixed mode windows-amd64 compressed oops)
Heap:
 PSYoungGen      total 65024K, used 60773K [0x00000000d5580000, 0x00000000dc580000, 0x0000000100000000)
  eden space 59904K, 96% used [0x00000000d5580000,0x00000000d8e034f8,0x00000000d9000000)
  from space 5120K, 56% used [0x00000000d9a80000,0x00000000d9d56100,0x00000000d9f80000)
  to   space 10752K, 0% used [0x00000000d9000000,0x00000000d9000000,0x00000000d9a80000)
 ParOldGen       total 68608K, used 13482K [0x0000000080000000, 0x0000000084300000, 0x00000000d5580000)
  object space 68608K, 19% used [0x0000000080000000,0x0000000080d2abf8,0x0000000084300000)
 Metaspace       used 25435K, capacity 25805K, committed 25984K, reserved 1073152K
  class space    used 3027K, capacity 3170K, committed 3200K, reserved 1048576K
GC Heap History (10 events):
Event: 1.709 GC heap before
{Heap before GC invocations=5 (full 0):
 PSYoungGen      total 70656K, used 70645K [0x00000000d5580000, 0x00000000d9f80000, 0x0000000100000000)
  eden space 65536K, 100% used [0x00000000d5580000,0x00000000d9580000,0x00000000d9580000)
  from space 5120K, 99% used [0x00000000d9a80000,0x00000000d9f7d6e0,0x00000000d9f80000)
  to   space 5120K, 0% used [0x00000000d9580000,0x00000000d9580000,0x00000000d9a80000)
 ParOldGen       total 86016K, used 352K [0x0000000080000000, 0x0000000085400000, 0x00000000d5580000)
  object space 86016K, 0% used [0x0000000080000000,0x0000000080058000,0x0000000085400000)
 Metaspace       used 17630K, capacity 17888K, committed 18176K, reserved 1064960K
  class space    used 1914K, capacity 2004K, committed 2048K, reserved 1048576K
Event: 1.714 GC heap after
Heap after GC invocations=5 (full 0):
 PSYoungGen      total 70656K, used 5112K [0x00000000d5580000, 0x00000000d9f80000, 0x0000000100000000)
  eden space 65536K, 0% used [0x00000000d5580000,0x00000000d5580000,0x00000000d9580000)
  from space 5120K, 99% used [0x00000000d9580000,0x00000000d9a7e038,0x00000000d9a80000)
  to   space 5120K, 0% used [0x00000000d9a80000,0x00000000d9a80000,0x00000000d9f80000)
 ParOldGen       total 86016K, used 3992K [0x0000000080000000, 0x0000000085400000, 0x00000000d5580000)
  object space 86016K, 4% used [0x0000000080000000,0x00000000803e6010,0x0000000085400000)
 Metaspace       used 17630K, capacity 17888K, committed 18176K, reserved 1064960K
  class space    used 1914K, capacity 2004K, committed 2048K, reserved 1048576K
}
Event: 2.144 GC heap before
{Heap before GC invocations=6 (full 0):
 PSYoungGen      total 70656K, used 70648K [0x00000000d5580000, 0x00000000d9f80000, 0x0000000100000000)
  eden space 65536K, 100% used [0x00000000d5580000,0x00000000d9580000,0x00000000d9580000)
  from space 5120K, 99% used [0x00000000d9580000,0x00000000d9a7e038,0x00000000d9a80000)
  to   space 5120K, 0% used [0x00000000d9a80000,0x00000000d9a80000,0x00000000d9f80000)
 ParOldGen       total 86016K, used 3992K [0x0000000080000000, 0x0000000085400000, 0x00000000d5580000)
  object space 86016K, 4% used [0x0000000080000000,0x00000000803e6010,0x0000000085400000)
 Metaspace       used 20694K, capacity 20912K, committed 21120K, reserved 1069056K
  class space    used 2293K, capacity 2392K, committed 2432K, reserved 1048576K
Event: 2.151 GC heap after
Heap after GC invocations=6 (full 0):
 PSYoungGen      total 70656K, used 5104K [0x00000000d5580000, 0x00000000d9f80000, 0x0000000100000000)
  eden space 65536K, 0% used [0x00000000d5580000,0x00000000d5580000,0x00000000d9580000)
  from space 5120K, 99% used [0x00000000d9a80000,0x00000000d9f7c030,0x00000000d9f80000)
  to   space 5120K, 0% used [0x00000000d9580000,0x00000000d9580000,0x00000000d9a80000)
 ParOldGen       total 86016K, used 7696K [0x0000000080000000, 0x0000000085400000, 0x00000000d5580000)
  object space 86016K, 8% used [0x0000000080000000,0x00000000807841a0,0x0000000085400000)
 Metaspace       used 20694K, capacity 20912K, committed 21120K, reserved 1069056K
  class space    used 2293K, capacity 2392K, committed 2432K, reserved 1048576K
}
Event: 2.250 GC heap before
{Heap before GC invocations=7 (full 0):
 PSYoungGen      total 70656K, used 25990K [0x00000000d5580000, 0x00000000d9f80000, 0x0000000100000000)
  eden space 65536K, 31% used [0x00000000d5580000,0x00000000d69e59d0,0x00000000d9580000)
  from space 5120K, 99% used [0x00000000d9a80000,0x00000000d9f7c030,0x00000000d9f80000)
  to   space 5120K, 0% used [0x00000000d9580000,0x00000000d9580000,0x00000000d9a80000)
 ParOldGen       total 86016K, used 7696K [0x0000000080000000, 0x0000000085400000, 0x00000000d5580000)
  object space 86016K, 8% used [0x0000000080000000,0x00000000807841a0,0x0000000085400000)
 Metaspace       used 20897K, capacity 21169K, committed 21296K, reserved 1069056K
  class space    used 2312K, capacity 2432K, committed 2432K, reserved 1048576K
Event: 2.257 GC heap after
Heap after GC invocations=7 (full 0):
 PSYoungGen      total 70656K, used 5091K [0x00000000d5580000, 0x00000000d9f80000, 0x0000000100000000)
  eden space 65536K, 0% used [0x00000000d5580000,0x00000000d5580000,0x00000000d9580000)
  from space 5120K, 99% used [0x00000000d9580000,0x00000000d9a78c08,0x00000000d9a80000)
  to   space 5120K, 0% used [0x00000000d9a80000,0x00000000d9a80000,0x00000000d9f80000)
 ParOldGen       total 86016K, used 10764K [0x0000000080000000, 0x0000000085400000, 0x00000000d5580000)
  object space 86016K, 12% used [0x0000000080000000,0x0000000080a83248,0x0000000085400000)
 Metaspace       used 20897K, capacity 21169K, committed 21296K, reserved 1069056K
  class space    used 2312K, capacity 2432K, committed 2432K, reserved 1048576K
}
Event: 2.257 GC heap before
{Heap before GC invocations=8 (full 1):
 PSYoungGen      total 70656K, used 5091K [0x00000000d5580000, 0x00000000d9f80000, 0x0000000100000000)
  eden space 65536K, 0% used [0x00000000d5580000,0x00000000d5580000,0x00000000d9580000)
  from space 5120K, 99% used [0x00000000d9580000,0x00000000d9a78c08,0x00000000d9a80000)
  to   space 5120K, 0% used [0x00000000d9a80000,0x00000000d9a80000,0x00000000d9f80000)
 ParOldGen       total 86016K, used 10764K [0x0000000080000000, 0x0000000085400000, 0x00000000d5580000)
  object space 86016K, 12% used [0x0000000080000000,0x0000000080a83248,0x0000000085400000)
 Metaspace       used 20897K, capacity 21169K, committed 21296K, reserved 1069056K
  class space    used 2312K, capacity 2432K, committed 2432K, reserved 1048576K
Event: 2.325 GC heap after
Heap after GC invocations=8 (full 1):
 PSYoungGen      total 70656K, used 0K [0x00000000d5580000, 0x00000000d9f80000, 0x0000000100000000)
  eden space 65536K, 0% used [0x00000000d5580000,0x00000000d5580000,0x00000000d9580000)
  from space 5120K, 0% used [0x00000000d9580000,0x00000000d9580000,0x00000000d9a80000)
  to   space 5120K, 0% used [0x00000000d9a80000,0x00000000d9a80000,0x00000000d9f80000)
 ParOldGen       total 68608K, used 13474K [0x0000000080000000, 0x0000000084300000, 0x00000000d5580000)
  object space 68608K, 19% used [0x0000000080000000,0x0000000080d28bf8,0x0000000084300000)
 Metaspace       used 20897K, capacity 21169K, committed 21296K, reserved 1069056K
  class space    used 2312K, capacity 2432K, committed 2432K, reserved 1048576K
}
Event: 2.717 GC heap before
{Heap before GC invocations=9 (full 1):
 PSYoungGen      total 70656K, used 65536K [0x00000000d5580000, 0x00000000d9f80000, 0x0000000100000000)
  eden space 65536K, 100% used [0x00000000d5580000,0x00000000d9580000,0x00000000d9580000)
  from space 5120K, 0% used [0x00000000d9580000,0x00000000d9580000,0x00000000d9a80000)
  to   space 5120K, 0% used [0x00000000d9a80000,0x00000000d9a80000,0x00000000d9f80000)
 ParOldGen       total 68608K, used 13474K [0x0000000080000000, 0x0000000084300000, 0x00000000d5580000)
  object space 68608K, 19% used [0x0000000080000000,0x0000000080d28bf8,0x0000000084300000)
 Metaspace       used 22751K, capacity 23163K, committed 23296K, reserved 1069056K
  class space    used 2624K, capacity 2782K, committed 2816K, reserved 1048576K
Event: 2.720 GC heap after
Heap after GC invocations=9 (full 1):
 PSYoungGen      total 65024K, used 2904K [0x00000000d5580000, 0x00000000dc580000, 0x0000000100000000)
  eden space 59904K, 0% used [0x00000000d5580000,0x00000000d5580000,0x00000000d9000000)
  from space 5120K, 56% used [0x00000000d9a80000,0x00000000d9d56100,0x00000000d9f80000)
  to   space 10752K, 0% used [0x00000000d9000000,0x00000000d9000000,0x00000000d9a80000)
 ParOldGen       total 68608K, used 13482K [0x0000000080000000, 0x0000000084300000, 0x00000000d5580000)
  object space 68608K, 19% used [0x0000000080000000,0x0000000080d2abf8,0x0000000084300000)
 Metaspace       used 22751K, capacity 23163K, committed 23296K, reserved 1069056K
  class space    used 2624K, capacity 2782K, committed 2816K, reserved 1048576K
}

