# JRE version: OpenJDK Runtime Environment (Zulu 8.52.0.23-CA-win64) (8.0_282-b08) (build 1.8.0_282-b08)
# Java VM: OpenJDK 64-Bit Server VM (25.282-b08 mixed mode windows-amd64 compressed oops)
Heap:
 PSYoungGen      total 72704K, used 44986K [0x00000000d5580000, 0x00000000dba80000, 0x0000000100000000)
  eden space 65024K, 64% used [0x00000000d5580000,0x00000000d7ea57a8,0x00000000d9500000)
  from space 7680K, 37% used [0x00000000d9500000,0x00000000d97c9210,0x00000000d9c80000)
  to   space 9216K, 0% used [0x00000000db180000,0x00000000db180000,0x00000000dba80000)
 ParOldGen       total 61952K, used 11845K [0x0000000080000000, 0x0000000083c80000, 0x00000000d5580000)
  object space 61952K, 19% used [0x0000000080000000,0x0000000080b91688,0x0000000083c80000)
 Metaspace       used 24661K, capacity 25025K, committed 25344K, reserved 1071104K
  class space    used 2894K, capacity 3040K, committed 3072K, reserved 1048576K
GC Heap History (10 events):
Event: 2.104 GC heap before
{Heap before GC invocations=6 (full 0):
 PSYoungGen      total 37888K, used 37864K [0x00000000d5580000, 0x00000000da380000, 0x0000000100000000)
  eden space 32768K, 100% used [0x00000000d5580000,0x00000000d7580000,0x00000000d7580000)
  from space 5120K, 99% used [0x00000000d7580000,0x00000000d7a7a198,0x00000000d7a80000)
  to   space 7168K, 0% used [0x00000000d9c80000,0x00000000d9c80000,0x00000000da380000)
 ParOldGen       total 86016K, used 2092K [0x0000000080000000, 0x0000000085400000, 0x00000000d5580000)
  object space 86016K, 2% used [0x0000000080000000,0x000000008020b300,0x0000000085400000)
 Metaspace       used 17615K, capacity 17824K, committed 18176K, reserved 1064960K
  class space    used 1913K, capacity 2004K, committed 2048K, reserved 1048576K
Event: 2.109 GC heap after
Heap after GC invocations=6 (full 0):
 PSYoungGen      total 72192K, used 7072K [0x00000000d5580000, 0x00000000da480000, 0x0000000100000000)
  eden space 65024K, 0% used [0x00000000d5580000,0x00000000d5580000,0x00000000d9500000)
  from space 7168K, 98% used [0x00000000d9c80000,0x00000000da3682b0,0x00000000da380000)
  to   space 7680K, 0% used [0x00000000d9500000,0x00000000d9500000,0x00000000d9c80000)
 ParOldGen       total 86016K, used 2164K [0x0000000080000000, 0x0000000085400000, 0x00000000d5580000)
  object space 86016K, 2% used [0x0000000080000000,0x000000008021d310,0x0000000085400000)
 Metaspace       used 17615K, capacity 17824K, committed 18176K, reserved 1064960K
  class space    used 1913K, capacity 2004K, committed 2048K, reserved 1048576K
}
Event: 2.591 GC heap before
{Heap before GC invocations=7 (full 0):
 PSYoungGen      total 72192K, used 72096K [0x00000000d5580000, 0x00000000da480000, 0x0000000100000000)
  eden space 65024K, 100% used [0x00000000d5580000,0x00000000d9500000,0x00000000d9500000)
  from space 7168K, 98% used [0x00000000d9c80000,0x00000000da3682b0,0x00000000da380000)
  to   space 7680K, 0% used [0x00000000d9500000,0x00000000d9500000,0x00000000d9c80000)
 ParOldGen       total 86016K, used 2164K [0x0000000080000000, 0x0000000085400000, 0x00000000d5580000)
  object space 86016K, 2% used [0x0000000080000000,0x000000008021d310,0x0000000085400000)
 Metaspace       used 20684K, capacity 20912K, committed 21120K, reserved 1069056K
  class space    used 2291K, capacity 2392K, committed 2432K, reserved 1048576K
Event: 2.598 GC heap after
Heap after GC invocations=7 (full 0):
 PSYoungGen      total 72704K, used 6236K [0x00000000d5580000, 0x00000000da480000, 0x0000000100000000)
  eden space 65024K, 0% used [0x00000000d5580000,0x00000000d5580000,0x00000000d9500000)
  from space 7680K, 81% used [0x00000000d9500000,0x00000000d9b17148,0x00000000d9c80000)
  to   space 7168K, 0% used [0x00000000d9c80000,0x00000000d9c80000,0x00000000da380000)
 ParOldGen       total 86016K, used 5329K [0x0000000080000000, 0x0000000085400000, 0x00000000d5580000)
  object space 86016K, 6% used [0x0000000080000000,0x00000000805344e0,0x0000000085400000)
 Metaspace       used 20684K, capacity 20912K, committed 21120K, reserved 1069056K
  class space    used 2291K, capacity 2392K, committed 2432K, reserved 1048576K
}
Event: 2.692 GC heap before
{Heap before GC invocations=8 (full 0):
 PSYoungGen      total 72704K, used 28316K [0x00000000d5580000, 0x00000000da480000, 0x0000000100000000)
  eden space 65024K, 33% used [0x00000000d5580000,0x00000000d6b0ff80,0x00000000d9500000)
  from space 7680K, 81% used [0x00000000d9500000,0x00000000d9b17148,0x00000000d9c80000)
  to   space 7168K, 0% used [0x00000000d9c80000,0x00000000d9c80000,0x00000000da380000)
 ParOldGen       total 86016K, used 5329K [0x0000000080000000, 0x0000000085400000, 0x00000000d5580000)
  object space 86016K, 6% used [0x0000000080000000,0x00000000805344e0,0x0000000085400000)
 Metaspace       used 20890K, capacity 21169K, committed 21296K, reserved 1069056K
  class space    used 2311K, capacity 2432K, committed 2432K, reserved 1048576K
Event: 2.698 GC heap after
Heap after GC invocations=8 (full 0):
 PSYoungGen      total 72192K, used 7148K [0x00000000d5580000, 0x00000000da480000, 0x0000000100000000)
  eden space 65024K, 0% used [0x00000000d5580000,0x00000000d5580000,0x00000000d9500000)
  from space 7168K, 99% used [0x00000000d9c80000,0x00000000da37b3e8,0x00000000da380000)
  to   space 7680K, 0% used [0x00000000d9500000,0x00000000d9500000,0x00000000d9c80000)
 ParOldGen       total 86016K, used 6184K [0x0000000080000000, 0x0000000085400000, 0x00000000d5580000)
  object space 86016K, 7% used [0x0000000080000000,0x000000008060a2d0,0x0000000085400000)
 Metaspace       used 20890K, capacity 21169K, committed 21296K, reserved 1069056K
  class space    used 2311K, capacity 2432K, committed 2432K, reserved 1048576K
}
Event: 2.698 GC heap before
{Heap before GC invocations=9 (full 1):
 PSYoungGen      total 72192K, used 7148K [0x00000000d5580000, 0x00000000da480000, 0x0000000100000000)
  eden space 65024K, 0% used [0x00000000d5580000,0x00000000d5580000,0x00000000d9500000)
  from space 7168K, 99% used [0x00000000d9c80000,0x00000000da37b3e8,0x00000000da380000)
  to   space 7680K, 0% used [0x00000000d9500000,0x00000000d9500000,0x00000000d9c80000)
 ParOldGen       total 86016K, used 6184K [0x0000000080000000, 0x0000000085400000, 0x00000000d5580000)
  object space 86016K, 7% used [0x0000000080000000,0x000000008060a2d0,0x0000000085400000)
 Metaspace       used 20890K, capacity 21169K, committed 21296K, reserved 1069056K
  class space    used 2311K, capacity 2432K, committed 2432K, reserved 1048576K
Event: 2.747 GC heap after
Heap after GC invocations=9 (full 1):
 PSYoungGen      total 72192K, used 0K [0x00000000d5580000, 0x00000000da480000, 0x0000000100000000)
  eden space 65024K, 0% used [0x00000000d5580000,0x00000000d5580000,0x00000000d9500000)
  from space 7168K, 0% used [0x00000000d9c80000,0x00000000d9c80000,0x00000000da380000)
  to   space 7680K, 0% used [0x00000000d9500000,0x00000000d9500000,0x00000000d9c80000)
 ParOldGen       total 61952K, used 11837K [0x0000000080000000, 0x0000000083c80000, 0x00000000d5580000)
  object space 61952K, 19% used [0x0000000080000000,0x0000000080b8f688,0x0000000083c80000)
 Metaspace       used 20890K, capacity 21169K, committed 21296K, reserved 1069056K
  class space    used 2311K, capacity 2432K, committed 2432K, reserved 1048576K
}
Event: 3.142 GC heap before
{Heap before GC invocations=10 (full 1):
 PSYoungGen      total 72192K, used 65024K [0x00000000d5580000, 0x00000000da480000, 0x0000000100000000)
  eden space 65024K, 100% used [0x00000000d5580000,0x00000000d9500000,0x00000000d9500000)
  from space 7168K, 0% used [0x00000000d9c80000,0x00000000d9c80000,0x00000000da380000)
  to   space 7680K, 0% used [0x00000000d9500000,0x00000000d9500000,0x00000000d9c80000)
 ParOldGen       total 61952K, used 11837K [0x0000000080000000, 0x0000000083c80000, 0x00000000d5580000)
  object space 61952K, 19% used [0x0000000080000000,0x0000000080b8f688,0x0000000083c80000)
 Metaspace       used 22723K, capacity 23099K, committed 23216K, reserved 1069056K
  class space    used 2619K, capacity 2782K, committed 2816K, reserved 1048576K
Event: 3.144 GC heap after
Heap after GC invocations=10 (full 1):
 PSYoungGen      total 72704K, used 2852K [0x00000000d5580000, 0x00000000dba80000, 0x0000000100000000)
  eden space 65024K, 0% used [0x00000000d5580000,0x00000000d5580000,0x00000000d9500000)
  from space 7680K, 37% used [0x00000000d9500000,0x00000000d97c9210,0x00000000d9c80000)
  to   space 9216K, 0% used [0x00000000db180000,0x00000000db180000,0x00000000dba80000)
 ParOldGen       total 61952K, used 11845K [0x0000000080000000, 0x0000000083c80000, 0x00000000d5580000)
  object space 61952K, 19% used [0x0000000080000000,0x0000000080b91688,0x0000000083c80000)
 Metaspace       used 22723K, capacity 23099K, committed 23216K, reserved 1069056K
  class space    used 2619K, capacity 2782K, committed 2816K, reserved 1048576K
}

